$$$ exec p1 : [./cuzureau.filler]
Plateau 15 17:
    01234567890123456
000 OOOOOOOOOOOOOOOOO
001 OOOOOOOOOOOOOOOOO
002 OOOOOOOOOOOOOOOOO
003 OOOOOOOOOOOOOOOOO
004 OOOOOOOOOOOOOOOOO
005 OOOOOOOOOOOOOOOOO
006 OOOOOOOOOOOOOOoo.
007 OO....OOO..OO....
008 ..OOOOOOO....O...
009 .......OOOOOOOOOO
010 ......OOXXXXXOOOO
011 ..OOOOOOXXXXXXXXO
012 ...OOXXXXXXXXXXXX
013 .OOOXXXXXXXXXXXXX
014 .OOXXXXXXXXXXXXXX
Piece 2 2:
**
**
Plateau 15 17:
    01234567890123456
000 OOOOOOOOOOOOOOOOO
001 OOOOOOOOOOOOOOOOO
002 OOOOOOOOOOOOOOOOO
003 OOOOOOOOOOOOOOOOO
004 OOOOOOOOOOOOOOOOO
005 OOOOOOOOOOOOOOOOO
006 OOOOOOOOOOOOOOOoo
007 OO....OOO..OO..oo
008 ..OOOOOOO....O...
009 .......OOOOOOOOOO
010 ......OOXXXXXOOOO
011 ..OOOOOOXXXXXXXXO
012 ...OOXXXXXXXXXXXX
013 .OOOXXXXXXXXXXXXX
014 .OOXXXXXXXXXXXXXX
Piece 1 3:
**.
Plateau 15 17:
    01234567890123456
000 OOOOOOOOOOOOOOOOO
001 OOOOOOOOOOOOOOOOO
002 OOOOOOOOOOOOOOOOO
003 OOOOOOOOOOOOOOOOO
004 OOOOOOOOOOOOOOOOO
005 OOOOOOOOOOOOOOOOO
006 OOOOOOOOOOOOOOOOO
007 Ooo...OOO..OO..OO
008 ..OOOOOOO....O...
009 .......OOOOOOOOOO
010 ......OOXXXXXOOOO
011 ..OOOOOOXXXXXXXXO
012 ...OOXXXXXXXXXXXX
013 .OOOXXXXXXXXXXXXX
014 .OOXXXXXXXXXXXXXX
Piece 2 1:
*
*
Plateau 15 17:
    01234567890123456
000 OOOOOOOOOOOOOOOOO
001 OOOOOOOOOOOOOOOOO
002 OOOOOOOOOOOOOOOOO
003 OOOOOOOOOOOOOOOOO
004 OOOOOOOOOOOOOOOOO
005 OOOOOOOOOOOOOOOOO
006 OOOoOOOOOOOOOOOOO
007 OOOo..OOO..OO..OO
008 ..OOOOOOO....O...
009 .......OOOOOOOOOO
010 ......OOXXXXXOOOO
011 ..OOOOOOXXXXXXXXO
012 ...OOXXXXXXXXXXXX
013 .OOOXXXXXXXXXXXXX
014 .OOXXXXXXXXXXXXXX
Piece 1 3:
***
Plateau 15 17:
    01234567890123456
000 OOOOOOOOOOOOOOOOO
001 OOOOOOOOOOOOOOOOO
002 OOOOOOOOOOOOOOOOO
003 OOOOOOOOOOOOOOOOO
004 OOOOOOOOOOOOOOOOO
005 OOOOOOOOOOOOOOOOO
006 OOOOOOOOOOOOOOOOO
007 OOOoooOOO..OO..OO
008 ..OOOOOOO....O...
009 .......OOOOOOOOOO
010 ......OOXXXXXOOOO
011 ..OOOOOOXXXXXXXXO
012 ...OOXXXXXXXXXXXX
013 .OOOXXXXXXXXXXXXX
014 .OOXXXXXXXXXXXXXX
Piece 2 3:
.**
...
Plateau 15 17:
    01234567890123456
000 OOOOOOOOOOOOOOOOO
001 OOOOOOOOOOOOOOOOO
002 OOOOOOOOOOOOOOOOO
003 OOOOOOOOOOOOOOOOO
004 OOOOOOOOOOOOOOOOO
005 OOOOOOOOOOOOOOOOO
006 OOOOOOOOOOOOOOOOO
007 OOOOOOOOoo.OO..OO
008 ..OOOOOOO....O...
009 .......OOOOOOOOOO
010 ......OOXXXXXOOOO
011 ..OOOOOOXXXXXXXXO
012 ...OOXXXXXXXXXXXX
013 .OOOXXXXXXXXXXXXX
014 .OOXXXXXXXXXXXXXX
Piece 2 3:
...
***
Plateau 15 17:
    01234567890123456
000 OOOOOOOOOOOOOOOOO
001 OOOOOOOOOOOOOOOOO
002 OOOOOOOOOOOOOOOOO
003 OOOOOOOOOOOOOOOOO
004 OOOOOOOOOOOOOOOOO
005 OOOOOOOOOOOOOOOOO
006 OOOOOOOOOOOOOOOOO
007 OOOOOOOOOO.OoooOO
008 ..OOOOOOO....O...
009 .......OOOOOOOOOO
010 ......OOXXXXXOOOO
011 ..OOOOOOXXXXXXXXO
012 ...OOXXXXXXXXXXXX
013 .OOOXXXXXXXXXXXXX
014 .OOXXXXXXXXXXXXXX
Piece 2 3:
**.
...
Plateau 15 17:
    01234567890123456
000 OOOOOOOOOOOOOOOOO
001 OOOOOOOOOOOOOOOOO
002 OOOOOOOOOOOOOOOOO
003 OOOOOOOOOOOOOOOOO
004 OOOOOOOOOOOOOOOOO
005 OOOOOOOOOOOOOOOOO
006 OOOOOOOOOOOOOOOOO
007 OOOOOOOOOooOOOOOO
008 ..OOOOOOO....O...
009 .......OOOOOOOOOO
010 ......OOXXXXXOOOO
011 ..OOOOOOXXXXXXXXO
012 ...OOXXXXXXXXXXXX
013 .OOOXXXXXXXXXXXXX
014 .OOXXXXXXXXXXXXXX
Piece 2 3:
***
...
Plateau 15 17:
    01234567890123456
000 OOOOOOOOOOOOOOOOO
001 OOOOOOOOOOOOOOOOO
002 OOOOOOOOOOOOOOOOO
003 OOOOOOOOOOOOOOOOO
004 OOOOOOOOOOOOOOOOO
005 OOOOOOOOOOOOOOOOO
006 OOOOOOOOOOOOOOOOO
007 OOOOOOOOOOOOOOOOO
008 oooOOOOOO....O...
009 .......OOOOOOOOOO
010 ......OOXXXXXOOOO
011 ..OOOOOOXXXXXXXXO
012 ...OOXXXXXXXXXXXX
013 .OOOXXXXXXXXXXXXX
014 .OOXXXXXXXXXXXXXX
Piece 2 3:
*.*
***
Plateau 15 17:
    01234567890123456
000 OOOOOOOOOOOOOOOOO
001 OOOOOOOOOOOOOOOOO
002 OOOOOOOOOOOOOOOOO
003 OOOOOOOOOOOOOOOOO
004 OOOOOOOOOOOOOOOOO
005 OOOOOOOOOOOOOOOOO
006 OOOOOOOOOOOOOOOOO
007 OOOOOOOOOOOOOOOOO
008 OOOOOOOOO....O...
009 ....o.oOOOOOOOOOO
010 ....oooOXXXXXOOOO
011 ..OOOOOOXXXXXXXXO
012 ...OOXXXXXXXXXXXX
013 .OOOXXXXXXXXXXXXX
014 .OOXXXXXXXXXXXXXX
Piece 2 2:
**
.*
Plateau 15 17:
    01234567890123456
000 OOOOOOOOOOOOOOOOO
001 OOOOOOOOOOOOOOOOO
002 OOOOOOOOOOOOOOOOO
003 OOOOOOOOOOOOOOOOO
004 OOOOOOOOOOOOOOOOO
005 OOOOOOOOOOOOOOOOO
006 OOOOOOOOOOOOOOOOO
007 OOOOOOOOOOOOOOOOO
008 OOOOOOOOOoo..O...
009 ....O.OOOOoOOOOOO
010 ....OOOOXXXXXOOOO
011 ..OOOOOOXXXXXXXXO
012 ...OOXXXXXXXXXXXX
013 .OOOXXXXXXXXXXXXX
014 .OOXXXXXXXXXXXXXX
Piece 1 3:
**.
Plateau 15 17:
    01234567890123456
000 OOOOOOOOOOOOOOOOO
001 OOOOOOOOOOOOOOOOO
002 OOOOOOOOOOOOOOOOO
003 OOOOOOOOOOOOOOOOO
004 OOOOOOOOOOOOOOOOO
005 OOOOOOOOOOOOOOOOO
006 OOOOOOOOOOOOOOOOO
007 OOOOOOOOOOOOOOOOO
008 OOOOOOOOOOoo.O...
009 ....O.OOOOOOOOOOO
010 ....OOOOXXXXXOOOO
011 ..OOOOOOXXXXXXXXO
012 ...OOXXXXXXXXXXXX
013 .OOOXXXXXXXXXXXXX
014 .OOXXXXXXXXXXXXXX
Piece 1 2:
**
Plateau 15 17:
    01234567890123456
000 OOOOOOOOOOOOOOOOO
001 OOOOOOOOOOOOOOOOO
002 OOOOOOOOOOOOOOOOO
003 OOOOOOOOOOOOOOOOO
004 OOOOOOOOOOOOOOOOO
005 OOOOOOOOOOOOOOOOO
006 OOOOOOOOOOOOOOOOO
007 OOOOOOOOOOOOOOOOO
008 OOOOOOOOOOOooO...
009 ....O.OOOOOOOOOOO
010 ....OOOOXXXXXOOOO
011 ..OOOOOOXXXXXXXXO
012 ...OOXXXXXXXXXXXX
013 .OOOXXXXXXXXXXXXX
014 .OOXXXXXXXXXXXXXX
Piece 1 2:
**
Plateau 15 17:
    01234567890123456
000 OOOOOOOOOOOOOOOOO
001 OOOOOOOOOOOOOOOOO
002 OOOOOOOOOOOOOOOOO
003 OOOOOOOOOOOOOOOOO
004 OOOOOOOOOOOOOOOOO
005 OOOOOOOOOOOOOOOOO
006 OOOOOOOOOOOOOOOOO
007 OOOOOOOOOOOOOOOOO
008 OOOOOOOOOOOOOoo..
009 ....O.OOOOOOOOOOO
010 ....OOOOXXXXXOOOO
011 ..OOOOOOXXXXXXXXO
012 ...OOXXXXXXXXXXXX
013 .OOOXXXXXXXXXXXXX
014 .OOXXXXXXXXXXXXXX
Piece 2 3:
...
.**
Plateau 15 17:
    01234567890123456
000 OOOOOOOOOOOOOOOOO
001 OOOOOOOOOOOOOOOOO
002 OOOOOOOOOOOOOOOOO
003 OOOOOOOOOOOOOOOOO
004 OOOOOOOOOOOOOOOOO
005 OOOOOOOOOOOOOOOOO
006 OOOOOOOOOOOOOOOOO
007 OOOOOOOOOOOOOOOOO
008 OOOOOOOOOOOOOOoo.
009 ....O.OOOOOOOOOOO
010 ....OOOOXXXXXOOOO
011 ..OOOOOOXXXXXXXXO
012 ...OOXXXXXXXXXXXX
013 .OOOXXXXXXXXXXXXX
014 .OOXXXXXXXXXXXXXX
Piece 1 3:
.**
Plateau 15 17:
    01234567890123456
000 OOOOOOOOOOOOOOOOO
001 OOOOOOOOOOOOOOOOO
002 OOOOOOOOOOOOOOOOO
003 OOOOOOOOOOOOOOOOO
004 OOOOOOOOOOOOOOOOO
005 OOOOOOOOOOOOOOOOO
006 OOOOOOOOOOOOOOOOO
007 OOOOOOOOOOOOOOOOO
008 OOOOOOOOOOOOOOOoo
009 ....O.OOOOOOOOOOO
010 ....OOOOXXXXXOOOO
011 ..OOOOOOXXXXXXXXO
012 ...OOXXXXXXXXXXXX
013 .OOOXXXXXXXXXXXXX
014 .OOXXXXXXXXXXXXXX
Piece 2 2:
*.
*.
Plateau 15 17:
    01234567890123456
000 OOOOOOOOOOOOOOOOO
001 OOOOOOOOOOOOOOOOO
002 OOOOOOOOOOOOOOOOO
003 OOOOOOOOOOOOOOOOO
004 OOOOOOOOOOOOOOOOO
005 OOOOOOOOOOOOOOOOO
006 OOOOOOOOOOOOOOOOO
007 OOOOOOOOOOOOOOOOO
008 oOOOOOOOOOOOOOOOO
009 o...O.OOOOOOOOOOO
010 ....OOOOXXXXXOOOO
011 ..OOOOOOXXXXXXXXO
012 ...OOXXXXXXXXXXXX
013 .OOOXXXXXXXXXXXXX
014 .OOXXXXXXXXXXXXXX
Piece 2 2:
.*
**
Plateau 15 17:
    01234567890123456
000 OOOOOOOOOOOOOOOOO
001 OOOOOOOOOOOOOOOOO
002 OOOOOOOOOOOOOOOOO
003 OOOOOOOOOOOOOOOOO
004 OOOOOOOOOOOOOOOOO
005 OOOOOOOOOOOOOOOOO
006 OOOOOOOOOOOOOOOOO
007 OOOOOOOOOOOOOOOOO
008 OOoOOOOOOOOOOOOOO
009 Ooo.O.OOOOOOOOOOO
010 ....OOOOXXXXXOOOO
011 ..OOOOOOXXXXXXXXO
012 ...OOXXXXXXXXXXXX
013 .OOOXXXXXXXXXXXXX
014 .OOXXXXXXXXXXXXXX
Piece 2 2:
**
..
Plateau 15 17:
    01234567890123456
000 OOOOOOOOOOOOOOOOO
001 OOOOOOOOOOOOOOOOO
002 OOOOOOOOOOOOOOOOO
003 OOOOOOOOOOOOOOOOO
004 OOOOOOOOOOOOOOOOO
005 OOOOOOOOOOOOOOOOO
006 OOOOOOOOOOOOOOOOO
007 OOOOOOOOOOOOOOOOO
008 OOOOOOOOOOOOOOOOO
009 OOooO.OOOOOOOOOOO
010 ....OOOOXXXXXOOOO
011 ..OOOOOOXXXXXXXXO
012 ...OOXXXXXXXXXXXX
013 .OOOXXXXXXXXXXXXX
014 .OOXXXXXXXXXXXXXX
Piece 2 1:
*
*
Plateau 15 17:
    01234567890123456
000 OOOOOOOOOOOOOOOOO
001 OOOOOOOOOOOOOOOOO
002 OOOOOOOOOOOOOOOOO
003 OOOOOOOOOOOOOOOOO
004 OOOOOOOOOOOOOOOOO
005 OOOOOOOOOOOOOOOOO
006 OOOOOOOOOOOOOOOOO
007 OOOOOOOOOOOOOOOOO
008 OOOOOoOOOOOOOOOOO
009 OOOOOoOOOOOOOOOOO
010 ....OOOOXXXXXOOOO
011 ..OOOOOOXXXXXXXXO
012 ...OOXXXXXXXXXXXX
013 .OOOXXXXXXXXXXXXX
014 .OOXXXXXXXXXXXXXX
Piece 2 2:
.*
**
Plateau 15 17:
    01234567890123456
000 OOOOOOOOOOOOOOOOO
001 OOOOOOOOOOOOOOOOO
002 OOOOOOOOOOOOOOOOO
003 OOOOOOOOOOOOOOOOO
004 OOOOOOOOOOOOOOOOO
005 OOOOOOOOOOOOOOOOO
006 OOOOOOOOOOOOOOOOO
007 OOOOOOOOOOOOOOOOO
008 OOOOOOOOOOOOOOOOO
009 OoOOOOOOOOOOOOOOO
010 oo..OOOOXXXXXOOOO
011 ..OOOOOOXXXXXXXXO
012 ...OOXXXXXXXXXXXX
013 .OOOXXXXXXXXXXXXX
014 .OOXXXXXXXXXXXXXX
Piece 1 2:
**
Plateau 15 17:
    01234567890123456
000 OOOOOOOOOOOOOOOOO
001 OOOOOOOOOOOOOOOOO
002 OOOOOOOOOOOOOOOOO
003 OOOOOOOOOOOOOOOOO
004 OOOOOOOOOOOOOOOOO
005 OOOOOOOOOOOOOOOOO
006 OOOOOOOOOOOOOOOOO
007 OOOOOOOOOOOOOOOOO
008 OOOOOOOOOOOOOOOOO
009 OOOOOOOOOOOOOOOOO
010 Ooo.OOOOXXXXXOOOO
011 ..OOOOOOXXXXXXXXO
012 ...OOXXXXXXXXXXXX
013 .OOOXXXXXXXXXXXXX
014 .OOXXXXXXXXXXXXXX
Piece 2 3:
*..
.*.
Plateau 15 17:
    01234567890123456
000 OOOOOOOOOOOOOOOOO
001 OOOOOOOOOOOOOOOOO
002 OOOOOOOOOOOOOOOOO
003 OOOOOOOOOOOOOOOOO
004 OOOOOOOOOOOOOOOOO
005 OOOOOOOOOOOOOOOOO
006 OOOOOOOOOOOOOOOOO
007 OOOOOOOOOOOOOOOOO
008 OOOOOOOOOOOOOOOOO
009 OOoOOOOOOOOOOOOOO
010 OOOoOOOOXXXXXOOOO
011 ..OOOOOOXXXXXXXXO
012 ...OOXXXXXXXXXXXX
013 .OOOXXXXXXXXXXXXX
014 .OOXXXXXXXXXXXXXX
Piece 2 1:
*
*
Plateau 15 17:
    01234567890123456
000 OOOOOOOOOOOOOOOOO
001 OOOOOOOOOOOOOOOOO
002 OOOOOOOOOOOOOOOOO
003 OOOOOOOOOOOOOOOOO
004 OOOOOOOOOOOOOOOOO
005 OOOOOOOOOOOOOOOOO
006 OOOOOOOOOOOOOOOOO
007 OOOOOOOOOOOOOOOOO
008 OOOOOOOOOOOOOOOOO
009 OOOOOOOOOOOOOOOOO
010 oOOOOOOOXXXXXOOOO
011 o.OOOOOOXXXXXXXXO
012 ...OOXXXXXXXXXXXX
013 .OOOXXXXXXXXXXXXX
014 .OOXXXXXXXXXXXXXX
Piece 1 2:
**
Plateau 15 17:
    01234567890123456
000 OOOOOOOOOOOOOOOOO
001 OOOOOOOOOOOOOOOOO
002 OOOOOOOOOOOOOOOOO
003 OOOOOOOOOOOOOOOOO
004 OOOOOOOOOOOOOOOOO
005 OOOOOOOOOOOOOOOOO
006 OOOOOOOOOOOOOOOOO
007 OOOOOOOOOOOOOOOOO
008 OOOOOOOOOOOOOOOOO
009 OOOOOOOOOOOOOOOOO
010 OOOOOOOOXXXXXOOOO
011 ooOOOOOOXXXXXXXXO
012 ...OOXXXXXXXXXXXX
013 .OOOXXXXXXXXXXXXX
014 .OOXXXXXXXXXXXXXX
Piece 2 1:
*
*
Plateau 15 17:
    01234567890123456
000 OOOOOOOOOOOOOOOOO
001 OOOOOOOOOOOOOOOOO
002 OOOOOOOOOOOOOOOOO
003 OOOOOOOOOOOOOOOOO
004 OOOOOOOOOOOOOOOOO
005 OOOOOOOOOOOOOOOOO
006 OOOOOOOOOOOOOOOOO
007 OOOOOOOOOOOOOOOOO
008 OOOOOOOOOOOOOOOOO
009 OOOOOOOOOOOOOOOOO
010 OOOOOOOOXXXXXOOOO
011 oOOOOOOOXXXXXXXXO
012 o..OOXXXXXXXXXXXX
013 .OOOXXXXXXXXXXXXX
014 .OOXXXXXXXXXXXXXX
Piece 2 1:
*
*
Plateau 15 17:
    01234567890123456
000 OOOOOOOOOOOOOOOOO
001 OOOOOOOOOOOOOOOOO
002 OOOOOOOOOOOOOOOOO
003 OOOOOOOOOOOOOOOOO
004 OOOOOOOOOOOOOOOOO
005 OOOOOOOOOOOOOOOOO
006 OOOOOOOOOOOOOOOOO
007 OOOOOOOOOOOOOOOOO
008 OOOOOOOOOOOOOOOOO
009 OOOOOOOOOOOOOOOOO
010 OOOOOOOOXXXXXOOOO
011 OoOOOOOOXXXXXXXXO
012 Oo.OOXXXXXXXXXXXX
013 .OOOXXXXXXXXXXXXX
014 .OOXXXXXXXXXXXXXX
Piece 2 2:
*.
*.
Plateau 15 17:
    01234567890123456
000 OOOOOOOOOOOOOOOOO
001 OOOOOOOOOOOOOOOOO
002 OOOOOOOOOOOOOOOOO
003 OOOOOOOOOOOOOOOOO
004 OOOOOOOOOOOOOOOOO
005 OOOOOOOOOOOOOOOOO
006 OOOOOOOOOOOOOOOOO
007 OOOOOOOOOOOOOOOOO
008 OOOOOOOOOOOOOOOOO
009 OOOOOOOOOOOOOOOOO
010 OOOOOOOOXXXXXOOOO
011 OOoOOOOOXXXXXXXXO
012 OOoOOXXXXXXXXXXXX
013 .OOOXXXXXXXXXXXXX
014 .OOXXXXXXXXXXXXXX
Piece 2 3:
.**
.**
